android/app/build/intermediates/manifest_merge_blame_file/release/manifest-merger-blame-release-report.txt
1<?xml version="1.0" encoding="utf-8"?>
2<manifest xmlns:android="http://schemas.android.com/apk/res/android"
3    package="com.audiocalldemo"
4    android:versionCode="1"
5    android:versionName="1.0" >
6
7    <uses-sdk
8        android:minSdkVersion="21"
8-->src/main/AndroidManifest.xml
9        android:targetSdkVersion="33" />
9-->src/main/AndroidManifest.xml
10
11    <uses-permission android:name="android.permission.INTERNET" />
11-->src/main/AndroidManifest.xml:4:5-67
11-->src/main/AndroidManifest.xml:4:22-64
12    <uses-permission android:name="android.permission.BIND_TELECOM_CONNECTION_SERVICE" />
12-->src/main/AndroidManifest.xml:5:5-6:47
12-->src/main/AndroidManifest.xml:5:22-87
13    <uses-permission android:name="android.permission.FOREGROUND_SERVICE" />
13-->src/main/AndroidManifest.xml:7:5-77
13-->src/main/AndroidManifest.xml:7:22-74
14    <uses-permission
14-->src/main/AndroidManifest.xml:8:5-75
15        android:name="android.permission.READ_PHONE_STATE"
15-->src/main/AndroidManifest.xml:8:22-72
16        android:maxSdkVersion="29" />
16-->[:react-native-callkeep] AndroidManifest.xml:12:9-35
17    <uses-permission android:name="android.permission.CALL_PHONE" />
17-->src/main/AndroidManifest.xml:9:5-69
17-->src/main/AndroidManifest.xml:9:22-66
18    <uses-permission android:name="android.permission.RECORD_AUDIO" />
18-->src/main/AndroidManifest.xml:10:5-71
18-->src/main/AndroidManifest.xml:10:22-68
19    <uses-permission android:name="android.permission.READ_PHONE_NUMBERS" />
19-->[:react-native-callkeep] AndroidManifest.xml:13:5-77
19-->[:react-native-callkeep] AndroidManifest.xml:13:22-74
20    <uses-permission android:name="android.permission.MANAGE_OWN_CALLS" />
20-->[:react-native-callkeep] AndroidManifest.xml:14:5-75
20-->[:react-native-callkeep] AndroidManifest.xml:14:22-72
21
22    <application
22-->src/main/AndroidManifest.xml:12:5-42:19
23        android:name="com.audiocalldemo.MainApplication"
23-->src/main/AndroidManifest.xml:13:7-38
24        android:allowBackup="false"
24-->src/main/AndroidManifest.xml:17:7-34
25        android:appComponentFactory="androidx.core.app.CoreComponentFactory"
25-->[androidx.core:core:1.7.0] AndroidManifest.xml:24:18-86
26        android:icon="@mipmap/ic_launcher"
26-->src/main/AndroidManifest.xml:15:7-41
27        android:label="@string/app_name"
27-->src/main/AndroidManifest.xml:14:7-39
28        android:roundIcon="@mipmap/ic_launcher_round"
28-->src/main/AndroidManifest.xml:16:7-52
29        android:theme="@style/AppTheme" >
29-->src/main/AndroidManifest.xml:18:7-38
30        <activity
30-->src/main/AndroidManifest.xml:19:7-30:18
31            android:name="com.audiocalldemo.MainActivity"
31-->src/main/AndroidManifest.xml:20:9-37
32            android:configChanges="keyboard|keyboardHidden|orientation|screenLayout|screenSize|smallestScreenSize|uiMode"
32-->src/main/AndroidManifest.xml:22:9-118
33            android:exported="true"
33-->src/main/AndroidManifest.xml:25:9-32
34            android:label="@string/app_name"
34-->src/main/AndroidManifest.xml:21:9-41
35            android:launchMode="singleTask"
35-->src/main/AndroidManifest.xml:23:9-40
36            android:windowSoftInputMode="adjustResize" >
36-->src/main/AndroidManifest.xml:24:9-51
37            <intent-filter>
37-->src/main/AndroidManifest.xml:26:9-29:25
38                <action android:name="android.intent.action.MAIN" />
38-->src/main/AndroidManifest.xml:27:13-65
38-->src/main/AndroidManifest.xml:27:21-62
39
40                <category android:name="android.intent.category.LAUNCHER" />
40-->src/main/AndroidManifest.xml:28:13-73
40-->src/main/AndroidManifest.xml:28:23-70
41            </intent-filter>
42        </activity>
43
44        <service
44-->src/main/AndroidManifest.xml:31:11-40:15
45            android:name="io.wazo.callkeep.VoiceConnectionService"
45-->src/main/AndroidManifest.xml:31:20-74
46            android:exported="true"
46-->src/main/AndroidManifest.xml:35:15-38
47            android:foregroundServiceType="camera|microphone"
47-->src/main/AndroidManifest.xml:34:9-58
48            android:label="Wazo"
48-->src/main/AndroidManifest.xml:32:9-29
49            android:permission="android.permission.BIND_TELECOM_CONNECTION_SERVICE" >
49-->src/main/AndroidManifest.xml:33:9-80
50            <intent-filter>
50-->src/main/AndroidManifest.xml:37:9-39:25
51                <action android:name="android.telecom.ConnectionService" />
51-->src/main/AndroidManifest.xml:38:13-72
51-->src/main/AndroidManifest.xml:38:21-69
52            </intent-filter>
53        </service>
54        <service android:name="io.wazo.callkeep.RNCallKeepBackgroundMessagingService" />
54-->src/main/AndroidManifest.xml:41:5-85
54-->src/main/AndroidManifest.xml:41:14-82
55
56        <provider
56-->[androidx.emoji2:emoji2:1.0.0] AndroidManifest.xml:26:9-34:20
57            android:name="androidx.startup.InitializationProvider"
57-->[androidx.emoji2:emoji2:1.0.0] AndroidManifest.xml:27:13-67
58            android:authorities="com.audiocalldemo.androidx-startup"
58-->[androidx.emoji2:emoji2:1.0.0] AndroidManifest.xml:28:13-68
59            android:exported="false" >
59-->[androidx.emoji2:emoji2:1.0.0] AndroidManifest.xml:29:13-37
60            <meta-data
60-->[androidx.emoji2:emoji2:1.0.0] AndroidManifest.xml:31:13-33:52
61                android:name="androidx.emoji2.text.EmojiCompatInitializer"
61-->[androidx.emoji2:emoji2:1.0.0] AndroidManifest.xml:32:17-75
62                android:value="androidx.startup" />
62-->[androidx.emoji2:emoji2:1.0.0] AndroidManifest.xml:33:17-49
63            <meta-data
63-->[androidx.lifecycle:lifecycle-process:2.4.0] AndroidManifest.xml:31:13-33:52
64                android:name="androidx.lifecycle.ProcessLifecycleInitializer"
64-->[androidx.lifecycle:lifecycle-process:2.4.0] AndroidManifest.xml:32:17-78
65                android:value="androidx.startup" />
65-->[androidx.lifecycle:lifecycle-process:2.4.0] AndroidManifest.xml:33:17-49
66        </provider>
67    </application>
68
69</manifest>